0 info it worked if it ends with ok
1 verbose cli [
1 verbose cli   '/home/user/.nvm/versions/node/v12.18.4/bin/node',
1 verbose cli   '/home/user/.nvm/versions/node/v12.18.4/bin/npm',
1 verbose cli   'run',
1 verbose cli   'test',
1 verbose cli   '--verbos',
1 verbose cli   '--no-cache'
1 verbose cli ]
2 info using npm@6.14.8
3 info using node@v12.18.4
4 verbose run-script [ 'pretest', 'test', 'posttest' ]
5 info lifecycle ses-logger@0.0.1~pretest: ses-logger@0.0.1
6 info lifecycle ses-logger@0.0.1~test: ses-logger@0.0.1
7 verbose lifecycle ses-logger@0.0.1~test: unsafe-perm in lifecycle true
8 verbose lifecycle ses-logger@0.0.1~test: PATH: /home/user/.nvm/versions/node/v12.18.4/lib/node_modules/npm/node_modules/npm-lifecycle/node-gyp-bin:/home/user/seslogger/node_modules/.bin:/home/user/.nvm/versions/node/v12.18.4/bin:/home/user/.rbenv/plugins/ruby-build/bin:/home/user/.rbenv/shims:/home/user/.rbenv/bin:/home/user/.composer/vendor/bin:/home/linuxbrew/.linuxbrew/bin:/home/linuxbrew/.linuxbrew/sbin:/home/user/.local/bin:/usr/local/sbin:/usr/local/bin:/usr/sbin:/usr/bin:/sbin:/bin:/usr/games:/usr/local/games:/snap/bin
9 verbose lifecycle ses-logger@0.0.1~test: CWD: /home/user/seslogger
10 silly lifecycle ses-logger@0.0.1~test: Args: [ '-c', 'jest' ]
11 silly lifecycle ses-logger@0.0.1~test: Returned: code: 1  signal: null
12 info lifecycle ses-logger@0.0.1~test: Failed to exec test script
13 verbose stack Error: ses-logger@0.0.1 test: `jest`
13 verbose stack Exit status 1
13 verbose stack     at EventEmitter.<anonymous> (/home/user/.nvm/versions/node/v12.18.4/lib/node_modules/npm/node_modules/npm-lifecycle/index.js:332:16)
13 verbose stack     at EventEmitter.emit (events.js:315:20)
13 verbose stack     at ChildProcess.<anonymous> (/home/user/.nvm/versions/node/v12.18.4/lib/node_modules/npm/node_modules/npm-lifecycle/lib/spawn.js:55:14)
13 verbose stack     at ChildProcess.emit (events.js:315:20)
13 verbose stack     at maybeClose (internal/child_process.js:1021:16)
13 verbose stack     at Process.ChildProcess._handle.onexit (internal/child_process.js:286:5)
14 verbose pkgid ses-logger@0.0.1
15 verbose cwd /home/user/seslogger
16 verbose Linux 5.4.0-54-generic
17 verbose argv "/home/user/.nvm/versions/node/v12.18.4/bin/node" "/home/user/.nvm/versions/node/v12.18.4/bin/npm" "run" "test" "--verbos" "--no-cache"
18 verbose node v12.18.4
19 verbose npm  v6.14.8
20 error code ELIFECYCLE
21 error errno 1
22 error ses-logger@0.0.1 test: `jest`
22 error Exit status 1
23 error Failed at the ses-logger@0.0.1 test script.
23 error This is probably not a problem with npm. There is likely additional logging output above.
24 verbose exit [ 1, true ]
